[[1;34mINFO[m] Scanning for projects...
[[1;34mINFO[m] 
[[1;34mINFO[m] [1m--------------------< [0;36mcom.justbookandrelax:backend[0;1m >--------------------[m
[[1;34mINFO[m] [1mBuilding backend 0.0.1-SNAPSHOT[m
[[1;34mINFO[m] [1m--------------------------------[ jar ]---------------------------------[m
[[1;34mINFO[m] 
[[1;34mINFO[m] [1m>>> [0;32mspring-boot-maven-plugin:3.2.2:run[m [1m(default-cli)[0;1m > [0;1mtest-compile[m @ [36mbackend[0;1m >>>[m
[[1;34mINFO[m] 
[[1;34mINFO[m] [1m--- [0;32mmaven-resources-plugin:3.3.1:resources[m [1m(default-resources)[m @ [36mbackend[0;1m ---[m
[[1;34mINFO[m] Copying 1 resource from src/main/resources to target/classes
[[1;34mINFO[m] Copying 0 resource from src/main/resources to target/classes
[[1;34mINFO[m] 
[[1;34mINFO[m] [1m--- [0;32mmaven-compiler-plugin:3.11.0:compile[m [1m(default-compile)[m @ [36mbackend[0;1m ---[m
[[1;34mINFO[m] Nothing to compile - all classes are up to date
[[1;34mINFO[m] 
[[1;34mINFO[m] [1m--- [0;32mmaven-resources-plugin:3.3.1:testResources[m [1m(default-testResources)[m @ [36mbackend[0;1m ---[m
[[1;34mINFO[m] skip non existing resourceDirectory /home/lt-366/Documents/JustBookAndRelax/backend/src/test/resources
[[1;34mINFO[m] 
[[1;34mINFO[m] [1m--- [0;32mmaven-compiler-plugin:3.11.0:testCompile[m [1m(default-testCompile)[m @ [36mbackend[0;1m ---[m
[[1;34mINFO[m] No sources to compile
[[1;34mINFO[m] 
[[1;34mINFO[m] [1m<<< [0;32mspring-boot-maven-plugin:3.2.2:run[m [1m(default-cli)[0;1m < [0;1mtest-compile[m @ [36mbackend[0;1m <<<[m
[[1;34mINFO[m] 
[[1;34mINFO[m] 
[[1;34mINFO[m] [1m--- [0;32mspring-boot-maven-plugin:3.2.2:run[m [1m(default-cli)[m @ [36mbackend[0;1m ---[m
[[1;34mINFO[m] Attaching agents: []

  .   ____          _            __ _ _
 /\\ / ___'_ __ _ _(_)_ __  __ _ \ \ \ \
( ( )\___ | '_ | '_| | '_ \/ _` | \ \ \ \
 \\/  ___)| |_)| | | | | || (_| |  ) ) ) )
  '  |____| .__|_| |_|_| |_\__, | / / / /
 =========|_|==============|___/=/_/_/_/
 :: Spring Boot ::                (v3.2.2)

2026-02-10T19:19:05.488+05:30  INFO 195071 --- [justbookandrelax] [           main] c.j.backend.JustBookAndRelaxApplication  : Starting JustBookAndRelaxApplication using Java 17.0.18 with PID 195071 (/home/lt-366/Documents/JustBookAndRelax/backend/target/classes started by lt-366 in /home/lt-366/Documents/JustBookAndRelax/backend)
2026-02-10T19:19:05.490+05:30  INFO 195071 --- [justbookandrelax] [           main] c.j.backend.JustBookAndRelaxApplication  : No active profile set, falling back to 1 default profile: "default"
2026-02-10T19:19:05.941+05:30  INFO 195071 --- [justbookandrelax] [           main] .s.d.r.c.RepositoryConfigurationDelegate : Bootstrapping Spring Data JPA repositories in DEFAULT mode.
2026-02-10T19:19:05.984+05:30  INFO 195071 --- [justbookandrelax] [           main] .s.d.r.c.RepositoryConfigurationDelegate : Finished Spring Data repository scanning in 36 ms. Found 4 JPA repository interfaces.
2026-02-10T19:19:06.399+05:30  INFO 195071 --- [justbookandrelax] [           main] o.s.b.w.embedded.tomcat.TomcatWebServer  : Tomcat initialized with port 8081 (http)
2026-02-10T19:19:06.414+05:30  INFO 195071 --- [justbookandrelax] [           main] o.apache.catalina.core.StandardService   : Starting service [Tomcat]
2026-02-10T19:19:06.415+05:30  INFO 195071 --- [justbookandrelax] [           main] o.apache.catalina.core.StandardEngine    : Starting Servlet engine: [Apache Tomcat/10.1.18]
2026-02-10T19:19:06.452+05:30  INFO 195071 --- [justbookandrelax] [           main] o.a.c.c.C.[Tomcat].[localhost].[/]       : Initializing Spring embedded WebApplicationContext
2026-02-10T19:19:06.453+05:30  INFO 195071 --- [justbookandrelax] [           main] w.s.c.ServletWebServerApplicationContext : Root WebApplicationContext: initialization completed in 927 ms
2026-02-10T19:19:06.568+05:30  INFO 195071 --- [justbookandrelax] [           main] o.hibernate.jpa.internal.util.LogHelper  : HHH000204: Processing PersistenceUnitInfo [name: default]
2026-02-10T19:19:06.596+05:30  INFO 195071 --- [justbookandrelax] [           main] org.hibernate.Version                    : HHH000412: Hibernate ORM core version 6.4.1.Final
2026-02-10T19:19:06.616+05:30  INFO 195071 --- [justbookandrelax] [           main] o.h.c.internal.RegionFactoryInitiator    : HHH000026: Second-level cache disabled
2026-02-10T19:19:06.746+05:30  INFO 195071 --- [justbookandrelax] [           main] o.s.o.j.p.SpringPersistenceUnitInfo      : No LoadTimeWeaver setup: ignoring JPA class transformer
2026-02-10T19:19:06.762+05:30  INFO 195071 --- [justbookandrelax] [           main] com.zaxxer.hikari.HikariDataSource       : HikariPool-1 - Starting...
2026-02-10T19:19:06.874+05:30  INFO 195071 --- [justbookandrelax] [           main] com.zaxxer.hikari.pool.HikariPool        : HikariPool-1 - Added connection com.mysql.cj.jdbc.ConnectionImpl@4c5406b
2026-02-10T19:19:06.875+05:30  INFO 195071 --- [justbookandrelax] [           main] com.zaxxer.hikari.HikariDataSource       : HikariPool-1 - Start completed.
2026-02-10T19:19:06.903+05:30  WARN 195071 --- [justbookandrelax] [           main] org.hibernate.orm.deprecation            : HHH90000025: MySQL8Dialect does not need to be specified explicitly using 'hibernate.dialect' (remove the property setting and it will be selected by default)
2026-02-10T19:19:06.904+05:30  WARN 195071 --- [justbookandrelax] [           main] org.hibernate.orm.deprecation            : HHH90000026: MySQL8Dialect has been deprecated; use org.hibernate.dialect.MySQLDialect instead
2026-02-10T19:19:07.442+05:30  INFO 195071 --- [justbookandrelax] [           main] o.h.e.t.j.p.i.JtaPlatformInitiator       : HHH000489: No JTA platform available (set 'hibernate.transaction.jta.platform' to enable JTA platform integration)
2026-02-10T19:19:07.494+05:30  INFO 195071 --- [justbookandrelax] [           main] j.LocalContainerEntityManagerFactoryBean : Initialized JPA EntityManagerFactory for persistence unit 'default'
2026-02-10T19:19:07.995+05:30  WARN 195071 --- [justbookandrelax] [           main] JpaBaseConfiguration$JpaWebConfiguration : spring.jpa.open-in-view is enabled by default. Therefore, database queries may be performed during view rendering. Explicitly configure spring.jpa.open-in-view to disable this warning
2026-02-10T19:19:08.221+05:30  INFO 195071 --- [justbookandrelax] [           main] o.s.s.web.DefaultSecurityFilterChain     : Will secure any request with [org.springframework.security.web.session.DisableEncodeUrlFilter@590f806a, org.springframework.security.web.context.request.async.WebAsyncManagerIntegrationFilter@2267b0bb, org.springframework.security.web.context.SecurityContextHolderFilter@2faae7f6, org.springframework.security.web.header.HeaderWriterFilter@11678469, org.springframework.web.filter.CorsFilter@20505460, org.springframework.security.web.authentication.logout.LogoutFilter@467421cc, com.justbookandrelax.backend.config.JwtAuthenticationFilter@8eeb4c5, org.springframework.security.web.savedrequest.RequestCacheAwareFilter@1443539, org.springframework.security.web.servletapi.SecurityContextHolderAwareRequestFilter@5b160208, org.springframework.security.web.authentication.AnonymousAuthenticationFilter@2dc77962, org.springframework.security.web.session.SessionManagementFilter@3e5ed0d4, org.springframework.security.web.access.ExceptionTranslationFilter@241abc2, org.springframework.security.web.access.intercept.AuthorizationFilter@789f5552]
2026-02-10T19:19:08.420+05:30  INFO 195071 --- [justbookandrelax] [           main] o.s.b.w.embedded.tomcat.TomcatWebServer  : Tomcat started on port 8081 (http) with context path ''
2026-02-10T19:19:08.428+05:30  INFO 195071 --- [justbookandrelax] [           main] c.j.backend.JustBookAndRelaxApplication  : Started JustBookAndRelaxApplication in 3.177 seconds (process running for 3.436)
2026-02-10T19:19:42.510+05:30  INFO 195071 --- [justbookandrelax] [nio-8081-exec-1] o.a.c.c.C.[Tomcat].[localhost].[/]       : Initializing Spring DispatcherServlet 'dispatcherServlet'
2026-02-10T19:19:42.511+05:30  INFO 195071 --- [justbookandrelax] [nio-8081-exec-1] o.s.web.servlet.DispatcherServlet        : Initializing Servlet 'dispatcherServlet'
2026-02-10T19:19:42.513+05:30  INFO 195071 --- [justbookandrelax] [nio-8081-exec-1] o.s.web.servlet.DispatcherServlet        : Completed initialization in 1 ms
2026-02-10T19:19:42.549+05:30  WARN 195071 --- [justbookandrelax] [nio-8081-exec-1] .w.s.m.s.DefaultHandlerExceptionResolver : Resolved [org.springframework.http.converter.HttpMessageNotReadableException: Required request body is missing: public org.springframework.http.ResponseEntity<com.justbookandrelax.backend.dto.AuthResponse> com.justbookandrelax.backend.controller.AuthController.login(com.justbookandrelax.backend.dto.LoginRequest)]
[[1;34mINFO[m] [1m------------------------------------------------------------------------[m
[[1;34mINFO[m] [1;31mBUILD FAILURE[m
[[1;34mINFO[m] [1m------------------------------------------------------------------------[m
[[1;34mINFO[m] Total time:  05:41 min
[[1;34mINFO[m] Finished at: 2026-02-10T19:24:44+05:30
[[1;34mINFO[m] [1m------------------------------------------------------------------------[m
[[1;31mERROR[m] Failed to execute goal [32morg.springframework.boot:spring-boot-maven-plugin:3.2.2:run[m [1m(default-cli)[m on project [36mbackend[m: [1;31mProcess terminated with exit code: 137[m -> [1m[Help 1][m
[[1;31mERROR[m] 
[[1;31mERROR[m] To see the full stack trace of the errors, re-run Maven with the [1m-e[m switch.
[[1;31mERROR[m] Re-run Maven using the [1m-X[m switch to enable full debug logging.
[[1;31mERROR[m] 
[[1;31mERROR[m] For more information about the errors and possible solutions, please read the following articles:
[[1;31mERROR[m] [1m[Help 1][m http://cwiki.apache.org/confluence/display/MAVEN/MojoExecutionException
